1: package com.jomolangma.app.thinkingjava.io;
2: 
3: //: io/BasicFileOutput.java
4: import java.io.BufferedReader;
5: import java.io.BufferedWriter;
6: import java.io.FileWriter;
7: import java.io.IOException;
8: import java.io.PrintWriter;
9: import java.io.StringReader;
10: 
11: public class BasicFileOutput {
12: 	static String file = "./src/main/java/com/jomolangma/app/thinkingjava/io/BasicFileOutput.out";
13: 
14: 	public static void main(String[] args) throws IOException {
15: 		BufferedReader in = new BufferedReader(new StringReader(
16: 				BufferedInputFile.read("./src/main/java/com/jomolangma/app/thinkingjava/io/BasicFileOutput.java")));
17: 		PrintWriter out = new PrintWriter(new BufferedWriter(new FileWriter(file)));
18: 		int lineCount = 1;
19: 		String s;
20: 		while ((s = in.readLine()) != null)
21: 			out.println(lineCount++ + ": " + s);
22: 		out.close();
23: 		// Show the stored file:
24: 		System.out.println(BufferedInputFile.read(file));
25: 	}
26: } /* (Execute to see output) */// :~
